<?xml version="1.0" encoding="utf-8"?>
<TestRun id="3fe58240-ec41-41b3-8e87-c3868727b21e" name="@MacBook-Pro-Wojciech-2 2024-11-21 09:54:02" xmlns="http://microsoft.com/schemas/VisualStudio/TeamTest/2010">
  <Times creation="2024-11-21T09:54:02.4003870+01:00" queuing="2024-11-21T09:54:02.4003870+01:00" start="2024-11-21T09:53:14.9467240+01:00" finish="2024-11-21T09:54:36.2033670+01:00" />
  <TestSettings name="default" id="995eba26-ca18-49cb-a3ea-e78dbe0763fc">
    <Deployment runDeploymentRoot="_MacBook-Pro-Wojciech-2_2024-11-21_09_54_02" />
  </TestSettings>
  <Results>
    <UnitTestResult executionId="ac33f282-79f5-4230-9cfb-348f62e7c26d" testId="3d01c682-f229-3cad-0f30-745c0dda79d3" testName="Test" computerName="MacBook-Pro-Wojciech-2" duration="00:00:00.0073830" startTime="2024-11-21T09:54:07.0165180+01:00" endTime="2024-11-21T09:54:07.0239040+01:00" testType="13cdc9d9-ddb5-4fa4-a97d-d965ccfc6d4b" outcome="Passed" testListId="8c84fa94-04c1-424b-9868-57a2d4851a1d" relativeResultsDirectory="ac33f282-79f5-4230-9cfb-348f62e7c26d" />
    <UnitTestResult executionId="0ba70b13-c958-46bf-b7c2-8203bcb0a8a6" testId="ebc3f1f1-6f0b-1702-f286-9fa5b5741a71" testName="IBDADeviceName0001" computerName="MacBook-Pro-Wojciech-2" duration="00:00:12.1921030" startTime="2024-11-21T09:54:23.8582030+01:00" endTime="2024-11-21T09:54:36.0503440+01:00" testType="13cdc9d9-ddb5-4fa4-a97d-d965ccfc6d4b" outcome="Failed" testListId="8c84fa94-04c1-424b-9868-57a2d4851a1d" relativeResultsDirectory="0ba70b13-c958-46bf-b7c2-8203bcb0a8a6">
      <Output>
        <StdOut>2024-11-21 09:54:23.8591 Info -------------------Test rozpoczęto-------------------

2024-11-21 09:54:23.8591 Info Test regresyjny IBDADeviceName0001: Dodanie przycisku usuń wniosek

2024-11-21 09:54:23.8591 Info Data rozpoczęcia testu: 2024-11-21 09:54

2024-11-21 09:54:26.8659 Info Wyświetlona strona: nAxiom

2024-11-21 09:54:29.9044 Info Rozwinięto menu Rejestracja

2024-11-21 09:54:32.9490 Info Wciśnięto przycisk w rozwiniętym menu Rejestracja : 'Nowy wniosek'

2024-11-21 09:54:32.9516 Error Asercja nie przeszła: expected = Delete application button, actual = null</StdOut>
        <ErrorInfo>
          <Message>  Expected: same as "Delete application button"
  But was:  &lt;string.Empty&gt;
</Message>
          <StackTrace>   at IBDA_automationTests.TestsIBDA.TestFixtures.NewApplication_00.IBDADeviceName0001() in /Users/epizode/Desktop/US_Projects/AT_framework/IBDA_automationTests/IBDA_automationTests/Tests/TestFixtures/NewApplication_00.cs:line 152

1)    at IBDA_automationTests.TestsIBDA.TestFixtures.NewApplication_00.IBDADeviceName0001() in /Users/epizode/Desktop/US_Projects/AT_framework/IBDA_automationTests/IBDA_automationTests/Tests/TestFixtures/NewApplication_00.cs:line 147

</StackTrace>
        </ErrorInfo>
      </Output>
    </UnitTestResult>
    <UnitTestResult executionId="c97e4a9d-41e3-417f-a786-16ff20b44076" testId="3314cb80-973c-cd52-ed9a-d2c7afb47cb2" testName="Test2" computerName="MacBook-Pro-Wojciech-2" duration="00:00:00.0001350" startTime="2024-11-21T09:54:07.0239500+01:00" endTime="2024-11-21T09:54:07.0240850+01:00" testType="13cdc9d9-ddb5-4fa4-a97d-d965ccfc6d4b" outcome="Passed" testListId="8c84fa94-04c1-424b-9868-57a2d4851a1d" relativeResultsDirectory="c97e4a9d-41e3-417f-a786-16ff20b44076">
      <Output>
        <StdOut>test2</StdOut>
      </Output>
    </UnitTestResult>
    <UnitTestResult executionId="739d571e-3ea4-4ffc-b8af-5d65ee5864aa" testId="a7a49bcc-26e1-c0b5-27eb-59bbb06ce3bf" testName="IBDADeviceName0000" computerName="MacBook-Pro-Wojciech-2" duration="00:00:12.2096300" startTime="2024-11-21T09:54:11.6483850+01:00" endTime="2024-11-21T09:54:23.8580570+01:00" testType="13cdc9d9-ddb5-4fa4-a97d-d965ccfc6d4b" outcome="Failed" testListId="8c84fa94-04c1-424b-9868-57a2d4851a1d" relativeResultsDirectory="739d571e-3ea4-4ffc-b8af-5d65ee5864aa">
      <Output>
        <StdOut>2024-11-21 09:54:11.6493 Info -------------------Test rozpoczęto-------------------

2024-11-21 09:54:11.6493 Info Test regresyjny IBDADeviceName0000: Dodanie pola z nazwą zestawu

2024-11-21 09:54:11.6493 Info Data rozpoczęcia testu: 2024-11-21 09:54

2024-11-21 09:54:14.6536 Info Wyświetlona strona: nAxiom

2024-11-21 09:54:17.6886 Info Rozwinięto menu Rejestracja

2024-11-21 09:54:20.7414 Info Wciśnięto przycisk w rozwiniętym menu Rejestracja : 'Nowy wniosek'

2024-11-21 09:54:20.7574 Error Asercja nie przeszła: expected = Add an IBDA set/device name, actual = null</StdOut>
        <ErrorInfo>
          <Message>  Expected: same as "Add an IBDA set/device name"
  But was:  &lt;string.Empty&gt;
</Message>
          <StackTrace>   at IBDA_automationTests.TestsIBDA.TestFixtures.NewApplication_00.IBDADeviceName0000() in /Users/epizode/Desktop/US_Projects/AT_framework/IBDA_automationTests/IBDA_automationTests/Tests/TestFixtures/NewApplication_00.cs:line 102

1)    at IBDA_automationTests.TestsIBDA.TestFixtures.NewApplication_00.IBDADeviceName0000() in /Users/epizode/Desktop/US_Projects/AT_framework/IBDA_automationTests/IBDA_automationTests/Tests/TestFixtures/NewApplication_00.cs:line 97

</StackTrace>
        </ErrorInfo>
      </Output>
    </UnitTestResult>
    <UnitTestResult executionId="30f6aebe-3f9d-4ce8-aa41-cacc93cb044a" testId="b4f090c0-25ed-74ea-9617-1841fa584417" testName="DeviceRegistrationOperator" computerName="MacBook-Pro-Wojciech-2" duration="00:00:37.3815079" startTime="2024-11-21T09:53:24.8584650+01:00" endTime="2024-11-21T09:54:02.2400610+01:00" testType="13cdc9d9-ddb5-4fa4-a97d-d965ccfc6d4b" outcome="Failed" testListId="8c84fa94-04c1-424b-9868-57a2d4851a1d" relativeResultsDirectory="30f6aebe-3f9d-4ce8-aa41-cacc93cb044a">
      <Output>
        <StdOut>2024-11-21 09:53:24.8717 Info -------------------Test rozpoczęto-------------------

2024-11-21 09:53:24.8717 Info Data rozpoczęcia testu: 2024-11-21 09:53

2024-11-21 09:53:27.8921 Info Wyświetlona strona: nAxiom

2024-11-21 09:53:30.9370 Info Rozwinięto menu Rejestracja

2024-11-21 09:53:33.9947 Info Wciśnięto przycisk w rozwiniętym menu Rejestracja : 'Nowy wniosek'

2024-11-21 09:53:39.0661 Info Wprowadzono nazwę wniosku w pole 'Nazwa IBDA' : Test automatyczny : 2024-11-21 09:53 

2024-11-21 09:53:42.1001 Info Wysłano png do pola 'Zdjęcia IBDA

2024-11-21 09:53:52.1511 Info Zapisano wniosek przyciskiem 'Zapisz'

2024-11-21 09:54:02.1971 Info Wniosek zatwierdzono i rozpoczęto inicjalizacjię IBDA</StdOut>
        <ErrorInfo>
          <Message>OpenQA.Selenium.ElementNotInteractableException : element not interactable
  (Session info: chrome=131.0.6778.71)</Message>
          <StackTrace>   at OpenQA.Selenium.WebDriver.UnpackAndThrowOnError(Response errorResponse, String commandToExecute)
   at OpenQA.Selenium.WebDriver.ExecuteAsync(String driverCommandToExecute, Dictionary`2 parameters)
   at OpenQA.Selenium.WebDriver.InternalExecute(String driverCommandToExecute, Dictionary`2 parameters)
   at OpenQA.Selenium.WebElement.Execute(String commandToExecute, Dictionary`2 parameters)
   at OpenQA.Selenium.WebElement.SendKeys(String text)
   at IBDA_automationTests.Framework.PageObjects.Shared.Fields.TextField.SetValue(String text) in /Users/epizode/Desktop/US_Projects/AT_framework/IBDA_automationTests/IBDA_automationTests/Framework/PageObjects/Shared/Fields/TextField.cs:line 9
   at IBDA_automationTests.TestsIBDA.TestFixtures.DeviceRegistration_OperatorIBDA_000.DeviceRegistrationOperator() in /Users/epizode/Desktop/US_Projects/AT_framework/IBDA_automationTests/IBDA_automationTests/Tests/TestFixtures/DeviceRegistration_OperatorIBDA_000.cs:line 120
   at System.RuntimeMethodHandle.InvokeMethod(Object target, Void** arguments, Signature sig, Boolean isConstructor)
   at System.Reflection.MethodBaseInvoker.InvokeWithNoArgs(Object obj, BindingFlags invokeAttr)
</StackTrace>
        </ErrorInfo>
      </Output>
    </UnitTestResult>
  </Results>
  <TestDefinitions>
    <UnitTest name="DeviceRegistrationOperator" storage="/users/epizode/desktop/us_projects/at_framework/ibda_automationtests/ibda_automationtests/bin/debug/net8.0/ibda_automationtests.dll" id="b4f090c0-25ed-74ea-9617-1841fa584417">
      <Execution id="30f6aebe-3f9d-4ce8-aa41-cacc93cb044a" />
      <TestMethod codeBase="/Users/epizode/Desktop/US_Projects/AT_framework/IBDA_automationTests/IBDA_automationTests/bin/Debug/net8.0/IBDA_automationTests.dll" adapterTypeName="executor://nunit3testexecutor/" className="IBDA_automationTests.TestsIBDA.TestFixtures.DeviceRegistration_OperatorIBDA_000" name="DeviceRegistrationOperator" />
    </UnitTest>
    <UnitTest name="Test" storage="/users/epizode/desktop/us_projects/at_framework/ibda_automationtests/ibda_automationtests/bin/debug/net8.0/ibda_automationtests.dll" id="3d01c682-f229-3cad-0f30-745c0dda79d3">
      <Execution id="ac33f282-79f5-4230-9cfb-348f62e7c26d" />
      <TestMethod codeBase="/Users/epizode/Desktop/US_Projects/AT_framework/IBDA_automationTests/IBDA_automationTests/bin/Debug/net8.0/IBDA_automationTests.dll" adapterTypeName="executor://nunit3testexecutor/" className="IBDA_automationTests.TestsIBDA.TestFixtures.DeviceReservation_00" name="Test" />
    </UnitTest>
    <UnitTest name="Test2" storage="/users/epizode/desktop/us_projects/at_framework/ibda_automationtests/ibda_automationtests/bin/debug/net8.0/ibda_automationtests.dll" id="3314cb80-973c-cd52-ed9a-d2c7afb47cb2">
      <Execution id="c97e4a9d-41e3-417f-a786-16ff20b44076" />
      <TestMethod codeBase="/Users/epizode/Desktop/US_Projects/AT_framework/IBDA_automationTests/IBDA_automationTests/bin/Debug/net8.0/IBDA_automationTests.dll" adapterTypeName="executor://nunit3testexecutor/" className="IBDA_automationTests.TestsIBDA.TestFixtures.DeviceReservation_00" name="Test2" />
    </UnitTest>
    <UnitTest name="IBDADeviceName0000" storage="/users/epizode/desktop/us_projects/at_framework/ibda_automationtests/ibda_automationtests/bin/debug/net8.0/ibda_automationtests.dll" id="a7a49bcc-26e1-c0b5-27eb-59bbb06ce3bf">
      <Execution id="739d571e-3ea4-4ffc-b8af-5d65ee5864aa" />
      <TestMethod codeBase="/Users/epizode/Desktop/US_Projects/AT_framework/IBDA_automationTests/IBDA_automationTests/bin/Debug/net8.0/IBDA_automationTests.dll" adapterTypeName="executor://nunit3testexecutor/" className="IBDA_automationTests.TestsIBDA.TestFixtures.NewApplication_00" name="IBDADeviceName0000" />
    </UnitTest>
    <UnitTest name="IBDADeviceName0001" storage="/users/epizode/desktop/us_projects/at_framework/ibda_automationtests/ibda_automationtests/bin/debug/net8.0/ibda_automationtests.dll" id="ebc3f1f1-6f0b-1702-f286-9fa5b5741a71">
      <Execution id="0ba70b13-c958-46bf-b7c2-8203bcb0a8a6" />
      <TestMethod codeBase="/Users/epizode/Desktop/US_Projects/AT_framework/IBDA_automationTests/IBDA_automationTests/bin/Debug/net8.0/IBDA_automationTests.dll" adapterTypeName="executor://nunit3testexecutor/" className="IBDA_automationTests.TestsIBDA.TestFixtures.NewApplication_00" name="IBDADeviceName0001" />
    </UnitTest>
  </TestDefinitions>
  <TestEntries>
    <TestEntry testId="3d01c682-f229-3cad-0f30-745c0dda79d3" executionId="ac33f282-79f5-4230-9cfb-348f62e7c26d" testListId="8c84fa94-04c1-424b-9868-57a2d4851a1d" />
    <TestEntry testId="ebc3f1f1-6f0b-1702-f286-9fa5b5741a71" executionId="0ba70b13-c958-46bf-b7c2-8203bcb0a8a6" testListId="8c84fa94-04c1-424b-9868-57a2d4851a1d" />
    <TestEntry testId="3314cb80-973c-cd52-ed9a-d2c7afb47cb2" executionId="c97e4a9d-41e3-417f-a786-16ff20b44076" testListId="8c84fa94-04c1-424b-9868-57a2d4851a1d" />
    <TestEntry testId="a7a49bcc-26e1-c0b5-27eb-59bbb06ce3bf" executionId="739d571e-3ea4-4ffc-b8af-5d65ee5864aa" testListId="8c84fa94-04c1-424b-9868-57a2d4851a1d" />
    <TestEntry testId="b4f090c0-25ed-74ea-9617-1841fa584417" executionId="30f6aebe-3f9d-4ce8-aa41-cacc93cb044a" testListId="8c84fa94-04c1-424b-9868-57a2d4851a1d" />
  </TestEntries>
  <TestLists>
    <TestList name="Wyniki, których nie ma na liście" id="8c84fa94-04c1-424b-9868-57a2d4851a1d" />
    <TestList name="Wszystkie załadowane wyniki" id="19431567-8539-422a-85d7-44ee4e166bda" />
  </TestLists>
  <ResultSummary outcome="Failed">
    <Counters total="5" executed="5" passed="2" failed="3" error="0" timeout="0" aborted="0" inconclusive="0" passedButRunAborted="0" notRunnable="0" notExecuted="0" disconnected="0" warning="0" completed="0" inProgress="0" pending="0" />
    <Output>
      <StdOut>NUnit Adapter 4.5.0.0: Test execution started
Running all tests in /Users/epizode/Desktop/US_Projects/AT_framework/IBDA_automationTests/IBDA_automationTests/bin/Debug/net8.0/IBDA_automationTests.dll
   NUnit3TestExecutor discovered 5 of 5 NUnit test cases using Current Discovery mode, Non-Explicit run
Starting ChromeDriver 131.0.6778.85 (3d81e41b6f3ac8bcae63b32e8145c9eb0cd60a2d-refs/branch-heads/6778@{#2285}) on port 58485
Only local connections are allowed.
Please see https://chromedriver.chromium.org/security-considerations for suggestions on keeping ChromeDriver safe.
ChromeDriver was started successfully on port 58485.
Starting ChromeDriver 131.0.6778.85 (3d81e41b6f3ac8bcae63b32e8145c9eb0cd60a2d-refs/branch-heads/6778@{#2285}) on port 59445
Only local connections are allowed.
Please see https://chromedriver.chromium.org/security-considerations for suggestions on keeping ChromeDriver safe.
ChromeDriver was started successfully on port 59445.
Starting ChromeDriver 131.0.6778.85 (3d81e41b6f3ac8bcae63b32e8145c9eb0cd60a2d-refs/branch-heads/6778@{#2285}) on port 59476
Only local connections are allowed.
Please see https://chromedriver.chromium.org/security-considerations for suggestions on keeping ChromeDriver safe.
ChromeDriver was started successfully on port 59476.
NUnit Adapter 4.5.0.0: Test execution complete
</StdOut>
    </Output>
    <RunInfos>
      <RunInfo computerName="MacBook-Pro-Wojciech-2" outcome="Warning" timestamp="2024-11-21T09:54:02.2518840+01:00">
        <Text>2024-11-21 09:53:24.8717 Info -------------------Test rozpoczęto-------------------

2024-11-21 09:53:24.8717 Info Data rozpoczęcia testu: 2024-11-21 09:53

2024-11-21 09:53:27.8921 Info Wyświetlona strona: nAxiom

2024-11-21 09:53:30.9370 Info Rozwinięto menu Rejestracja

2024-11-21 09:53:33.9947 Info Wciśnięto przycisk w rozwiniętym menu Rejestracja : 'Nowy wniosek'

2024-11-21 09:53:39.0661 Info Wprowadzono nazwę wniosku w pole 'Nazwa IBDA' : Test automatyczny : 2024-11-21 09:53 

2024-11-21 09:53:42.1001 Info Wysłano png do pola 'Zdjęcia IBDA

2024-11-21 09:53:52.1511 Info Zapisano wniosek przyciskiem 'Zapisz'

2024-11-21 09:54:02.1971 Info Wniosek zatwierdzono i rozpoczęto inicjalizacjię IBDA

</Text>
      </RunInfo>
      <RunInfo computerName="MacBook-Pro-Wojciech-2" outcome="Warning" timestamp="2024-11-21T09:54:07.0247650+01:00">
        <Text>test2
</Text>
      </RunInfo>
      <RunInfo computerName="MacBook-Pro-Wojciech-2" outcome="Warning" timestamp="2024-11-21T09:54:23.8633660+01:00">
        <Text>2024-11-21 09:54:11.6493 Info -------------------Test rozpoczęto-------------------

2024-11-21 09:54:11.6493 Info Test regresyjny IBDADeviceName0000: Dodanie pola z nazwą zestawu

2024-11-21 09:54:11.6493 Info Data rozpoczęcia testu: 2024-11-21 09:54

2024-11-21 09:54:14.6536 Info Wyświetlona strona: nAxiom

2024-11-21 09:54:17.6886 Info Rozwinięto menu Rejestracja

2024-11-21 09:54:20.7414 Info Wciśnięto przycisk w rozwiniętym menu Rejestracja : 'Nowy wniosek'

2024-11-21 09:54:20.7574 Error Asercja nie przeszła: expected = Add an IBDA set/device name, actual = null

</Text>
      </RunInfo>
      <RunInfo computerName="MacBook-Pro-Wojciech-2" outcome="Warning" timestamp="2024-11-21T09:54:36.0644940+01:00">
        <Text>2024-11-21 09:54:23.8591 Info -------------------Test rozpoczęto-------------------

2024-11-21 09:54:23.8591 Info Test regresyjny IBDADeviceName0001: Dodanie przycisku usuń wniosek

2024-11-21 09:54:23.8591 Info Data rozpoczęcia testu: 2024-11-21 09:54

2024-11-21 09:54:26.8659 Info Wyświetlona strona: nAxiom

2024-11-21 09:54:29.9044 Info Rozwinięto menu Rejestracja

2024-11-21 09:54:32.9490 Info Wciśnięto przycisk w rozwiniętym menu Rejestracja : 'Nowy wniosek'

2024-11-21 09:54:32.9516 Error Asercja nie przeszła: expected = Delete application button, actual = null

</Text>
      </RunInfo>
    </RunInfos>
  </ResultSummary>
</TestRun>